Remember that you can report errors and get help in https://github.com/NicoSantangelo/sublime-gulp

09-06-2017 23:42:
C:\Users\psmil\AppData\Roaming\Sublime Text 3\Packages\Gulp\write_tasks_to_cache.js:31
        throw ex;
        ^

Error: Cannot find module 'gulp-jshint'
    at Function.Module._resolveFilename (module.js:469:15)
    at Function.Module._load (module.js:417:25)
    at Module.require (module.js:497:17)
    at require (internal/module.js:20:19)
    at Object.<anonymous> (C:\Users\psmil\Desktop\ortodonts\.sublime-gulp-tmp.js:12:14)
    at Module._compile (module.js:570:32)
    at Object.Module._extensions..js (module.js:579:10)
    at Module.load (module.js:487:32)
    at tryModuleLoad (module.js:446:12)
    at Function.Module._load (module.js:438:3)


09-06-2017 23:42:
C:\Users\psmil\AppData\Roaming\Sublime Text 3\Packages\Gulp\write_tasks_to_cache.js:31
        throw ex;
        ^

Error: Cannot find module 'gulp-jshint'
    at Function.Module._resolveFilename (module.js:469:15)
    at Function.Module._load (module.js:417:25)
    at Module.require (module.js:497:17)
    at require (internal/module.js:20:19)
    at Object.<anonymous> (C:\Users\psmil\Desktop\ortodonts\.sublime-gulp-tmp.js:12:14)
    at Module._compile (module.js:570:32)
    at Object.Module._extensions..js (module.js:579:10)
    at Module.load (module.js:487:32)
    at tryModuleLoad (module.js:446:12)
    at Function.Module._load (module.js:438:3)


09-07-2017 00:01:
C:\Users\psmil\Desktop\ortodonts\.sublime-gulp-tmp.js:87
        .pipe(cssmin())
        ^
SyntaxError: Unexpected token .
    at createScript (vm.js:56:10)
    at Object.runInThisContext (vm.js:97:10)
    at Module._compile (module.js:542:28)
    at Object.Module._extensions..js (module.js:579:10)
    at Module.load (module.js:487:32)
    at tryModuleLoad (module.js:446:12)
    at Function.Module._load (module.js:438:3)
    at Module.require (module.js:497:17)
    at require (internal/module.js:20:19)
    at requireGulp (C:\Users\psmil\AppData\Roaming\Sublime Text 3\Packages\Gulp\write_tasks_to_cache.js:28:16)


09-07-2017 00:04:
C:\Users\psmil\Desktop\ortodonts\.sublime-gulp-tmp.js:95
}
^
SyntaxError: missing ) after argument list
    at createScript (vm.js:56:10)
    at Object.runInThisContext (vm.js:97:10)
    at Module._compile (module.js:542:28)
    at Object.Module._extensions..js (module.js:579:10)
    at Module.load (module.js:487:32)
    at tryModuleLoad (module.js:446:12)
    at Function.Module._load (module.js:438:3)
    at Module.require (module.js:497:17)
    at require (internal/module.js:20:19)
    at requireGulp (C:\Users\psmil\AppData\Roaming\Sublime Text 3\Packages\Gulp\write_tasks_to_cache.js:28:16)


10-19-2017 22:22:
C:\Users\psmil\Desktop\ortodonts\.sublime-gulp-tmp.js:87
        .pipe(cssmin())
        ^
SyntaxError: Unexpected token .
    at createScript (vm.js:56:10)
    at Object.runInThisContext (vm.js:97:10)
    at Module._compile (module.js:542:28)
    at Object.Module._extensions..js (module.js:579:10)
    at Module.load (module.js:487:32)
    at tryModuleLoad (module.js:446:12)
    at Function.Module._load (module.js:438:3)
    at Module.require (module.js:497:17)
    at require (internal/module.js:20:19)
    at requireGulp (C:\Users\psmil\AppData\Roaming\Sublime Text 3\Packages\Gulp\write_tasks_to_cache.js:28:16)


10-19-2017 22:22:
C:\Users\psmil\Desktop\ortodonts\.sublime-gulp-tmp.js:87
        .pipe(cssmin())
        ^
SyntaxError: Unexpected token .
    at createScript (vm.js:56:10)
    at Object.runInThisContext (vm.js:97:10)
    at Module._compile (module.js:542:28)
    at Object.Module._extensions..js (module.js:579:10)
    at Module.load (module.js:487:32)
    at tryModuleLoad (module.js:446:12)
    at Function.Module._load (module.js:438:3)
    at Module.require (module.js:497:17)
    at require (internal/module.js:20:19)
    at requireGulp (C:\Users\psmil\AppData\Roaming\Sublime Text 3\Packages\Gulp\write_tasks_to_cache.js:28:16)


10-19-2017 22:22:
C:\Users\psmil\Desktop\ortodonts\.sublime-gulp-tmp.js:87
        .pipe(cssmin())
        ^
SyntaxError: Unexpected token .
    at createScript (vm.js:56:10)
    at Object.runInThisContext (vm.js:97:10)
    at Module._compile (module.js:542:28)
    at Object.Module._extensions..js (module.js:579:10)
    at Module.load (module.js:487:32)
    at tryModuleLoad (module.js:446:12)
    at Function.Module._load (module.js:438:3)
    at Module.require (module.js:497:17)
    at require (internal/module.js:20:19)
    at requireGulp (C:\Users\psmil\AppData\Roaming\Sublime Text 3\Packages\Gulp\write_tasks_to_cache.js:28:16)
